<?xml version="1.0" encoding="UTF-8"?>
<!-- Generated by org.testng.reporters.JUnitReportReporter -->
<testsuite hostname="LAPTOP-K5KD4APK" failures="0" tests="1" name="sample.FirstTask" time="14.674" errors="0" timestamp="2022-11-23T17:17:55 IST" skipped="0">
  <testcase classname="sample.FirstTask" name="task" time="14.674"/>
  <system-out/>
</testsuite> <!-- sample.FirstTask -->
